<?xml version="1.0" encoding="UTF-8"?>
<robot generator="Robot 4.1.3 (Python 3.10.2 on darwin)" generated="20220320 12:57:48.851" rpa="false" schemaversion="2">
<suite id="s1" name="Webautomation" source="/Users/thalesmedeiros/Documents/TreinamentodeAutomação/DesafioPrime/test/feature/webautomation.robot">
<test id="s1-t1" name="Cenario 03: Listar produtos">
<kw name="Abrir sessão" library="hooks" type="SETUP">
<kw name="Open Browser" library="SeleniumLibrary">
<arg>url:blank</arg>
<arg>${CONFIG.BROWSER.NOME}</arg>
<doc>Opens a new browser instance to the optional ``url``.</doc>
<msg timestamp="20220320 12:57:49.095" level="INFO">Opening browser 'chrome' to base url 'url:blank'.</msg>
<status status="PASS" starttime="20220320 12:57:49.095" endtime="20220320 12:57:50.549"/>
</kw>
<kw name="Go To" library="SeleniumLibrary">
<arg>${CONFIG.BROWSER.URL}</arg>
<doc>Navigates the current browser window to the provided ``url``.</doc>
<msg timestamp="20220320 12:57:50.550" level="INFO">Opening url 'http://automationpractice.com/index.php'</msg>
<status status="PASS" starttime="20220320 12:57:50.549" endtime="20220320 12:57:53.642"/>
</kw>
<kw name="Maximize Browser Window" library="SeleniumLibrary">
<doc>Maximizes current browser window.</doc>
<status status="PASS" starttime="20220320 12:57:53.643" endtime="20220320 12:57:53.776"/>
</kw>
<kw name="Set Selenium Timeout" library="SeleniumLibrary">
<arg>${CONFIG.TIMEOUT}</arg>
<doc>Sets the timeout that is used by various keywords.</doc>
<status status="PASS" starttime="20220320 12:57:53.776" endtime="20220320 12:57:53.777"/>
</kw>
<status status="PASS" starttime="20220320 12:57:49.095" endtime="20220320 12:57:53.777"/>
</kw>
<kw name="Dado que o cliente esteja na tela home do site" library="kws_webautomation">
<kw name="Title Should Be" library="SeleniumLibrary">
<arg>${HOME.TITULO}</arg>
<doc>Verifies that the current page title equals ``title``.</doc>
<msg timestamp="20220320 12:57:53.780" level="INFO">Page title is 'My Store'.</msg>
<status status="PASS" starttime="20220320 12:57:53.777" endtime="20220320 12:57:53.780"/>
</kw>
<kw name="Wait Until Element Is Visible" library="SeleniumLibrary">
<arg>${HOME.MENU}</arg>
<doc>Waits until the element ``locator`` is visible.</doc>
<status status="PASS" starttime="20220320 12:57:53.780" endtime="20220320 12:57:53.795"/>
</kw>
<status status="PASS" starttime="20220320 12:57:53.777" endtime="20220320 12:57:53.795"/>
</kw>
<kw name="Quando clicar na sub-categoria" library="kws_webautomation">
<arg>Summer Dresses</arg>
<kw name="Mouse Over" library="SeleniumLibrary">
<arg>${HOME.CATEGORIA}</arg>
<doc>Simulates hovering the mouse over the element ``locator``.</doc>
<msg timestamp="20220320 12:57:53.795" level="INFO">Simulating Mouse Over on element '//a[@title="Women"]'.</msg>
<status status="PASS" starttime="20220320 12:57:53.795" endtime="20220320 12:57:54.059"/>
</kw>
<kw name="Wait Until Element Is Visible" library="SeleniumLibrary">
<arg>${HOME.SUBCATEGORIA}</arg>
<doc>Waits until the element ``locator`` is visible.</doc>
<status status="PASS" starttime="20220320 12:57:54.059" endtime="20220320 12:57:54.076"/>
</kw>
<kw name="Get Text" library="SeleniumLibrary">
<var>${texto}</var>
<arg>${HOME.SUBCATEGORIA}</arg>
<doc>Returns the text value of the element identified by ``locator``.</doc>
<msg timestamp="20220320 12:57:54.089" level="INFO">${texto} = Summer Dresses</msg>
<status status="PASS" starttime="20220320 12:57:54.076" endtime="20220320 12:57:54.089"/>
</kw>
<kw name="Should Be Equal As Strings" library="BuiltIn">
<arg>${texto}</arg>
<arg>${subtitulo}</arg>
<doc>Fails if objects are unequal after converting them to strings.</doc>
<status status="PASS" starttime="20220320 12:57:54.089" endtime="20220320 12:57:54.089"/>
</kw>
<kw name="Click Element" library="SeleniumLibrary">
<arg>${HOME.SUBCATEGORIA}</arg>
<doc>Click the element identified by ``locator``.</doc>
<msg timestamp="20220320 12:57:54.090" level="INFO">Clicking element '//ul[@class="sf-menu clearfix menu-content sf-js-enabled sf-arrows"]/li/ul/li[2]/ul/li[3]/a'.</msg>
<status status="PASS" starttime="20220320 12:57:54.089" endtime="20220320 12:57:55.814"/>
</kw>
<status status="PASS" starttime="20220320 12:57:53.795" endtime="20220320 12:57:55.814"/>
</kw>
<kw name="Então será mostrado todos os produtos da sub-categoria" library="kws_webautomation">
<kw name="Title Should Be" library="SeleniumLibrary">
<arg>${HOME.TITULO_SUB_CATEGORIA}</arg>
<doc>Verifies that the current page title equals ``title``.</doc>
<msg timestamp="20220320 12:57:55.817" level="INFO">Page title is 'Summer Dresses - My Store'.</msg>
<status status="PASS" starttime="20220320 12:57:55.815" endtime="20220320 12:57:55.817"/>
</kw>
<kw name="Page Should Contain Image" library="SeleniumLibrary">
<arg>${BUSCA.IMAGEM_SD_1}</arg>
<doc>Verifies image identified by ``locator`` is found from current page.</doc>
<msg timestamp="20220320 12:57:55.828" level="INFO">Current page contains image '//img[@src="http://automationpractice.com/img/p/1/2/12-home_default.jpg"]'.</msg>
<status status="PASS" starttime="20220320 12:57:55.817" endtime="20220320 12:57:55.828"/>
</kw>
<kw name="Page Should Contain Image" library="SeleniumLibrary">
<arg>${BUSCA.IMAGEM_SD_2}</arg>
<doc>Verifies image identified by ``locator`` is found from current page.</doc>
<msg timestamp="20220320 12:57:55.837" level="INFO">Current page contains image '//img[@src="http://automationpractice.com/img/p/1/6/16-home_default.jpg"]'.</msg>
<status status="PASS" starttime="20220320 12:57:55.829" endtime="20220320 12:57:55.837"/>
</kw>
<kw name="Page Should Contain Image" library="SeleniumLibrary">
<arg>${BUSCA.IMAGEM_SD_3}</arg>
<doc>Verifies image identified by ``locator`` is found from current page.</doc>
<msg timestamp="20220320 12:57:55.846" level="INFO">Current page contains image '//img[@src="http://automationpractice.com/img/p/2/0/20-home_default.jpg"]'.</msg>
<status status="PASS" starttime="20220320 12:57:55.837" endtime="20220320 12:57:55.846"/>
</kw>
<status status="PASS" starttime="20220320 12:57:55.815" endtime="20220320 12:57:55.846"/>
</kw>
<kw name="Fechar sessão" library="hooks" type="TEARDOWN">
<kw name="Capture Page Screenshot" library="SeleniumLibrary">
<doc>Takes a screenshot of the current page and embeds it into a log file.</doc>
<msg timestamp="20220320 12:57:56.364" level="INFO" html="true">&lt;/td&gt;&lt;/tr&gt;&lt;tr&gt;&lt;td colspan="3"&gt;&lt;a href="selenium-screenshot-27.png"&gt;&lt;img src="selenium-screenshot-27.png" width="800px"&gt;&lt;/a&gt;</msg>
<status status="PASS" starttime="20220320 12:57:55.847" endtime="20220320 12:57:56.364"/>
</kw>
<kw name="Close Browser" library="SeleniumLibrary">
<doc>Closes the current browser.</doc>
<status status="PASS" starttime="20220320 12:57:56.364" endtime="20220320 12:57:56.433"/>
</kw>
<status status="PASS" starttime="20220320 12:57:55.846" endtime="20220320 12:57:56.433"/>
</kw>
<status status="PASS" starttime="20220320 12:57:49.095" endtime="20220320 12:57:56.433"/>
</test>
<doc>Aqui estarão todos os cenários de automação WEB.</doc>
<status status="PASS" starttime="20220320 12:57:48.851" endtime="20220320 12:57:56.434"/>
</suite>
<statistics>
<total>
<stat pass="1" fail="0" skip="0">All Tests</stat>
</total>
<tag>
</tag>
<suite>
<stat pass="1" fail="0" skip="0" id="s1" name="Webautomation">Webautomation</stat>
</suite>
</statistics>
<errors>
</errors>
</robot>
