<?xml version="1.0" encoding="UTF-8"?>
<robot generator="Robot 4.1.3 (Python 3.10.2 on darwin)" generated="20220320 14:19:52.378" rpa="false" schemaversion="2">
<suite id="s1" name="Webautomation" source="/Users/thalesmedeiros/Documents/TreinamentodeAutomação/DesafioPrime/test/feature/webautomation.robot">
<test id="s1-t1" name="Cenario 04: Adicionar Cliente">
<kw name="Abrir sessão" library="hooks" type="SETUP">
<kw name="Open Browser" library="SeleniumLibrary">
<arg>url:blank</arg>
<arg>${CONFIG.BROWSER.NOME}</arg>
<doc>Opens a new browser instance to the optional ``url``.</doc>
<msg timestamp="20220320 14:19:52.627" level="INFO">Opening browser 'chrome' to base url 'url:blank'.</msg>
<status status="PASS" starttime="20220320 14:19:52.626" endtime="20220320 14:19:54.199"/>
</kw>
<kw name="Go To" library="SeleniumLibrary">
<arg>${CONFIG.BROWSER.URL}</arg>
<doc>Navigates the current browser window to the provided ``url``.</doc>
<msg timestamp="20220320 14:19:54.201" level="INFO">Opening url 'http://automationpractice.com/index.php'</msg>
<status status="PASS" starttime="20220320 14:19:54.201" endtime="20220320 14:19:57.453"/>
</kw>
<kw name="Maximize Browser Window" library="SeleniumLibrary">
<doc>Maximizes current browser window.</doc>
<status status="PASS" starttime="20220320 14:19:57.454" endtime="20220320 14:19:57.586"/>
</kw>
<kw name="Set Selenium Timeout" library="SeleniumLibrary">
<arg>${CONFIG.TIMEOUT}</arg>
<doc>Sets the timeout that is used by various keywords.</doc>
<status status="PASS" starttime="20220320 14:19:57.586" endtime="20220320 14:19:57.587"/>
</kw>
<status status="PASS" starttime="20220320 14:19:52.626" endtime="20220320 14:19:57.587"/>
</kw>
<kw name="Debug" library="DebugLibrary">
<doc>Open a interactive shell, run any RobotFramework keywords.</doc>
<status status="PASS" starttime="20220320 14:19:57.588" endtime="20220320 14:20:01.351"/>
</kw>
<kw name="Dado que o cliente esteja na tela home do site" library="kws_webautomation">
<kw name="Title Should Be" library="SeleniumLibrary">
<arg>${HOME.TITULO}</arg>
<doc>Verifies that the current page title equals ``title``.</doc>
<msg timestamp="20220320 14:20:06.977" level="INFO">Page title is 'My Store'.</msg>
<status status="PASS" starttime="20220320 14:20:05.065" endtime="20220320 14:20:06.977"/>
</kw>
<kw name="Wait Until Element Is Visible" library="SeleniumLibrary">
<arg>${HOME.MENU}</arg>
<doc>Waits until the element ``locator`` is visible.</doc>
<status status="PASS" starttime="20220320 14:20:06.977" endtime="20220320 14:20:10.050"/>
</kw>
<kw name="Click Element" library="SeleniumLibrary">
<arg>${HOME.TITULO_SINGIN}</arg>
<doc>Click the element identified by ``locator``.</doc>
<msg timestamp="20220320 14:20:14.092" level="INFO">Clicking element '//a[@title="Log in to your customer account"]'.</msg>
<status status="PASS" starttime="20220320 14:20:10.050" endtime="20220320 14:20:15.801"/>
</kw>
<status status="PASS" starttime="20220320 14:20:01.351" endtime="20220320 14:20:15.801"/>
</kw>
<kw name="Quando o cliente clicar no link de sing in, inserir um email válido e clicar no link" library="kws_webautomation">
<kw name="Wait Until Element Is Visible" library="SeleniumLibrary">
<arg>${CREATE_ACCOUNT.EMAIL}</arg>
<doc>Waits until the element ``locator`` is visible.</doc>
<status status="PASS" starttime="20220320 14:20:20.363" endtime="20220320 14:20:22.124"/>
</kw>
<kw name="Input Text" library="SeleniumLibrary">
<arg>${CREATE_ACCOUNT.EMAIL}</arg>
<arg>thalesbehringer@gmail.com</arg>
<doc>Types the given ``text`` into the text field identified by ``locator``.</doc>
<msg timestamp="20220320 14:20:25.577" level="INFO">Typing text 'thalesbehringer@gmail.com' into text field 'email_create'.</msg>
<status status="PASS" starttime="20220320 14:20:22.124" endtime="20220320 14:20:25.663"/>
</kw>
<kw name="Click Element" library="SeleniumLibrary">
<arg>${CREATE_ACCOUNT.SUBMIT_CREATE}</arg>
<doc>Click the element identified by ``locator``.</doc>
<msg timestamp="20220320 14:20:30.140" level="INFO">Clicking element 'SubmitCreate'.</msg>
<status status="PASS" starttime="20220320 14:20:25.663" endtime="20220320 14:20:30.184"/>
</kw>
<status status="PASS" starttime="20220320 14:20:15.801" endtime="20220320 14:20:30.184"/>
</kw>
<kw name="Então ele irá preencher os dados obrigatórios, submeter cadastro e será levado para página">
<arg>MY ACCOUNT</arg>
<msg timestamp="20220320 14:20:58.214" level="FAIL">No keyword with name 'Então ele irá preencher os dados obrigatórios, submeter cadastro e será levado para página' found.</msg>
<status status="FAIL" starttime="20220320 14:20:30.187" endtime="20220320 14:20:58.214"/>
</kw>
<kw name="Fechar sessão" library="hooks" type="TEARDOWN">
<kw name="Capture Page Screenshot" library="SeleniumLibrary">
<doc>Takes a screenshot of the current page and embeds it into a log file.</doc>
<msg timestamp="20220320 14:20:58.602" level="INFO" html="true">&lt;/td&gt;&lt;/tr&gt;&lt;tr&gt;&lt;td colspan="3"&gt;&lt;a href="selenium-screenshot-31.png"&gt;&lt;img src="selenium-screenshot-31.png" width="800px"&gt;&lt;/a&gt;</msg>
<status status="PASS" starttime="20220320 14:20:58.216" endtime="20220320 14:20:58.602"/>
</kw>
<kw name="Close Browser" library="SeleniumLibrary">
<doc>Closes the current browser.</doc>
<status status="PASS" starttime="20220320 14:20:58.602" endtime="20220320 14:20:58.679"/>
</kw>
<status status="PASS" starttime="20220320 14:20:58.216" endtime="20220320 14:20:58.679"/>
</kw>
<status status="FAIL" starttime="20220320 14:19:52.626" endtime="20220320 14:20:58.679">No keyword with name 'Então ele irá preencher os dados obrigatórios, submeter cadastro e será levado para página' found.</status>
</test>
<doc>Aqui estarão todos os cenários de automação WEB.</doc>
<status status="FAIL" starttime="20220320 14:19:52.378" endtime="20220320 14:20:58.680"/>
</suite>
<statistics>
<total>
<stat pass="0" fail="1" skip="0">All Tests</stat>
</total>
<tag>
</tag>
<suite>
<stat pass="0" fail="1" skip="0" id="s1" name="Webautomation">Webautomation</stat>
</suite>
</statistics>
<errors>
</errors>
</robot>
