<?xml version="1.0" encoding="UTF-8"?>
<robot generator="Robot 4.1.3 (Python 3.10.2 on darwin)" generated="20220320 17:29:50.271" rpa="false" schemaversion="2">
<suite id="s1" name="Webautomation" source="/Users/thalesmedeiros/Documents/TreinamentodeAutomação/DesafioPrime/test/feature/webautomation.robot">
<test id="s1-t1" name="Cenario 04: Adicionar Cliente">
<kw name="Abrir sessão" library="hooks" type="SETUP">
<kw name="Open Browser" library="SeleniumLibrary">
<arg>url:blank</arg>
<arg>${CONFIG.BROWSER.NOME}</arg>
<doc>Opens a new browser instance to the optional ``url``.</doc>
<msg timestamp="20220320 17:29:50.521" level="INFO">Opening browser 'chrome' to base url 'url:blank'.</msg>
<status status="PASS" starttime="20220320 17:29:50.520" endtime="20220320 17:29:51.979"/>
</kw>
<kw name="Go To" library="SeleniumLibrary">
<arg>${CONFIG.BROWSER.URL}</arg>
<doc>Navigates the current browser window to the provided ``url``.</doc>
<msg timestamp="20220320 17:29:51.980" level="INFO">Opening url 'http://automationpractice.com/index.php'</msg>
<status status="PASS" starttime="20220320 17:29:51.979" endtime="20220320 17:29:55.871"/>
</kw>
<kw name="Maximize Browser Window" library="SeleniumLibrary">
<doc>Maximizes current browser window.</doc>
<status status="PASS" starttime="20220320 17:29:55.871" endtime="20220320 17:29:56.009"/>
</kw>
<kw name="Set Selenium Timeout" library="SeleniumLibrary">
<arg>${CONFIG.TIMEOUT}</arg>
<doc>Sets the timeout that is used by various keywords.</doc>
<status status="PASS" starttime="20220320 17:29:56.010" endtime="20220320 17:29:56.011"/>
</kw>
<status status="PASS" starttime="20220320 17:29:50.520" endtime="20220320 17:29:56.011"/>
</kw>
<kw name="Debug" library="DebugLibrary">
<doc>Open a interactive shell, run any RobotFramework keywords.</doc>
<status status="PASS" starttime="20220320 17:29:56.011" endtime="20220320 17:30:00.554"/>
</kw>
<kw name="Dado que o cliente esteja na tela home do site" library="kws_webautomation">
<kw name="Title Should Be" library="SeleniumLibrary">
<arg>${HOME.TITULO}</arg>
<doc>Verifies that the current page title equals ``title``.</doc>
<msg timestamp="20220320 17:30:03.301" level="INFO">Page title is 'My Store'.</msg>
<status status="PASS" starttime="20220320 17:30:01.623" endtime="20220320 17:30:03.301"/>
</kw>
<kw name="Wait Until Element Is Visible" library="SeleniumLibrary">
<arg>${HOME.MENU}</arg>
<doc>Waits until the element ``locator`` is visible.</doc>
<status status="PASS" starttime="20220320 17:30:03.301" endtime="20220320 17:30:04.905"/>
</kw>
<kw name="Click Element" library="SeleniumLibrary">
<arg>${HOME.TITULO_SINGIN}</arg>
<doc>Click the element identified by ``locator``.</doc>
<msg timestamp="20220320 17:30:06.488" level="INFO">Clicking element '//a[@title="Log in to your customer account"]'.</msg>
<status status="PASS" starttime="20220320 17:30:04.905" endtime="20220320 17:30:08.615"/>
</kw>
<status status="PASS" starttime="20220320 17:30:00.555" endtime="20220320 17:30:08.615"/>
</kw>
<kw name="Quando o cliente clicar no link de sing in, inserir um email válido e clicar no link" library="kws_webautomation">
<kw name="Email" library="FakerLibrary">
<var>${email}</var>
<msg timestamp="20220320 17:30:11.779" level="INFO">${email} = ewilliams@example.net</msg>
<status status="PASS" starttime="20220320 17:30:10.621" endtime="20220320 17:30:11.779"/>
</kw>
<kw name="Wait Until Element Is Visible" library="SeleniumLibrary">
<arg>${CREATE_ACCOUNT.EMAIL}</arg>
<doc>Waits until the element ``locator`` is visible.</doc>
<status status="PASS" starttime="20220320 17:30:11.779" endtime="20220320 17:30:13.060"/>
</kw>
<kw name="Input Text" library="SeleniumLibrary">
<arg>${CREATE_ACCOUNT.EMAIL}</arg>
<arg>${email}</arg>
<doc>Types the given ``text`` into the text field identified by ``locator``.</doc>
<msg timestamp="20220320 17:30:14.558" level="INFO">Typing text 'ewilliams@example.net' into text field 'email_create'.</msg>
<status status="PASS" starttime="20220320 17:30:13.060" endtime="20220320 17:30:14.653"/>
</kw>
<kw name="Click Element" library="SeleniumLibrary">
<arg>${CREATE_ACCOUNT.SUBMIT_CREATE}</arg>
<doc>Click the element identified by ``locator``.</doc>
<msg timestamp="20220320 17:30:16.650" level="INFO">Clicking element 'SubmitCreate'.</msg>
<status status="PASS" starttime="20220320 17:30:14.653" endtime="20220320 17:30:16.699"/>
</kw>
<status status="PASS" starttime="20220320 17:30:08.615" endtime="20220320 17:30:16.699"/>
</kw>
<kw name="Então ele irá preencher os dados obrigatórios, submeter cadastro e será levado para página com a mensagem" library="kws_webautomation">
<arg>Welcome to your account. Here you can manage all of your personal information and orders.</arg>
<kw name="Wait Until Element Is Visible" library="SeleniumLibrary">
<arg>${ACCOUNT.TITLE}</arg>
<doc>Waits until the element ``locator`` is visible.</doc>
<status status="PASS" starttime="20220320 17:30:20.967" endtime="20220320 17:30:22.127"/>
</kw>
<kw name="Get Text" library="SeleniumLibrary">
<var>${texto}</var>
<arg>${ACCOUNT.TITLE}</arg>
<doc>Returns the text value of the element identified by ``locator``.</doc>
<msg timestamp="20220320 17:30:23.376" level="INFO">${texto} = CREATE AN ACCOUNT</msg>
<status status="PASS" starttime="20220320 17:30:22.127" endtime="20220320 17:30:23.376"/>
</kw>
<kw name="Should Be Equal As Strings" library="BuiltIn">
<arg>${texto}</arg>
<arg>CREATE AN ACCOUNT</arg>
<doc>Fails if objects are unequal after converting them to strings.</doc>
<status status="PASS" starttime="20220320 17:30:23.377" endtime="20220320 17:30:24.390"/>
</kw>
<kw name="First Name" library="FakerLibrary">
<var>${first}</var>
<msg timestamp="20220320 17:30:25.535" level="INFO">${first} = Paige</msg>
<status status="PASS" starttime="20220320 17:30:24.390" endtime="20220320 17:30:25.535"/>
</kw>
<kw name="Last Name" library="FakerLibrary">
<var>${last}</var>
<msg timestamp="20220320 17:30:26.962" level="INFO">${last} = Cook</msg>
<status status="PASS" starttime="20220320 17:30:25.535" endtime="20220320 17:30:26.962"/>
</kw>
<kw name="City" library="FakerLibrary">
<var>${city}</var>
<doc>:example: 'Sashabury'</doc>
<msg timestamp="20220320 17:30:28.820" level="INFO">${city} = Brittanyburgh</msg>
<status status="PASS" starttime="20220320 17:30:26.962" endtime="20220320 17:30:28.820"/>
</kw>
<kw name="State" library="FakerLibrary">
<var>${state}</var>
<msg timestamp="20220320 17:30:30.120" level="INFO">${state} = Texas</msg>
<status status="PASS" starttime="20220320 17:30:28.820" endtime="20220320 17:30:30.121"/>
</kw>
<kw name="Input Text" library="SeleniumLibrary">
<arg>${ACCOUNT.FIRST_NAME}</arg>
<arg>${first}</arg>
<doc>Types the given ``text`` into the text field identified by ``locator``.</doc>
<msg timestamp="20220320 17:30:31.750" level="INFO">Typing text 'Paige' into text field 'customer_firstname'.</msg>
<status status="PASS" starttime="20220320 17:30:30.121" endtime="20220320 17:30:31.816"/>
</kw>
<kw name="Input Text" library="SeleniumLibrary">
<arg>${ACCOUNT.LAST_NAME}</arg>
<arg>${last}</arg>
<doc>Types the given ``text`` into the text field identified by ``locator``.</doc>
<msg timestamp="20220320 17:30:32.881" level="INFO">Typing text 'Cook' into text field 'customer_lastname'.</msg>
<status status="PASS" starttime="20220320 17:30:31.816" endtime="20220320 17:30:32.942"/>
</kw>
<kw name="Input Text" library="SeleniumLibrary">
<arg>${ACCOUNT.PASSWORD}</arg>
<arg>${PASSWORD}</arg>
<doc>Types the given ``text`` into the text field identified by ``locator``.</doc>
<msg timestamp="20220320 17:30:34.044" level="INFO">Typing text '123456' into text field 'passwd'.</msg>
<status status="PASS" starttime="20220320 17:30:32.942" endtime="20220320 17:30:34.109"/>
</kw>
<kw name="Input Text" library="SeleniumLibrary">
<arg>${ACCOUNT.ADRESS}</arg>
<arg>${ADDRESS}</arg>
<doc>Types the given ``text`` into the text field identified by ``locator``.</doc>
<msg timestamp="20220320 17:30:38.080" level="INFO">Typing text 'Bulevard Street' into text field 'address1'.</msg>
<status status="PASS" starttime="20220320 17:30:34.109" endtime="20220320 17:30:38.143"/>
</kw>
<kw name="Input Text" library="SeleniumLibrary">
<arg>${ACCOUNT.CITY}</arg>
<arg>${city}</arg>
<doc>Types the given ``text`` into the text field identified by ``locator``.</doc>
<msg timestamp="20220320 17:30:44.486" level="INFO">Typing text 'Brittanyburgh' into text field 'city'.</msg>
<status status="PASS" starttime="20220320 17:30:38.143" endtime="20220320 17:30:44.548"/>
</kw>
<kw name="Select From List By Label" library="SeleniumLibrary">
<arg>${ACCOUNT.STATE}</arg>
<arg>${state}</arg>
<doc>Selects options from selection list ``locator`` by ``labels``.</doc>
<msg timestamp="20220320 17:30:46.400" level="INFO">Selecting options from selection list 'id_state' by label Texas.</msg>
<status status="PASS" starttime="20220320 17:30:44.548" endtime="20220320 17:30:46.445"/>
</kw>
<kw name="Input Text" library="SeleniumLibrary">
<arg>${ACCOUNT.ZIP}</arg>
<arg>${ZIP}</arg>
<doc>Types the given ``text`` into the text field identified by ``locator``.</doc>
<msg timestamp="20220320 17:30:56.363" level="INFO">Typing text '00000' into text field 'postcode'.</msg>
<status status="PASS" starttime="20220320 17:30:46.446" endtime="20220320 17:30:56.432"/>
</kw>
<kw name="Input Text" library="SeleniumLibrary">
<arg>${ACCOUNT.M_PHONE}</arg>
<arg>${M_PHONE}</arg>
<doc>Types the given ``text`` into the text field identified by ``locator``.</doc>
<msg timestamp="20220320 17:30:58.027" level="INFO">Typing text '81923456745' into text field 'phone_mobile'.</msg>
<status status="PASS" starttime="20220320 17:30:56.432" endtime="20220320 17:30:58.076"/>
</kw>
<kw name="Click Element" library="SeleniumLibrary">
<arg>${ACCOUNT.SUBMIT}</arg>
<doc>Click the element identified by ``locator``.</doc>
<msg timestamp="20220320 17:31:02.152" level="INFO">Clicking element 'submitAccount'.</msg>
<status status="PASS" starttime="20220320 17:30:58.076" endtime="20220320 17:31:03.821"/>
</kw>
<kw name="Wait Until Element Is Visible" library="SeleniumLibrary">
<arg>${m_sucesso}</arg>
<doc>Waits until the element ``locator`` is visible.</doc>
<status status="PASS" starttime="20220320 17:31:03.821" endtime="20220320 17:31:07.000"/>
</kw>
<kw name="Get Text" library="SeleniumLibrary">
<var>${t_mensagem}</var>
<arg>${m_sucesso}</arg>
<doc>Returns the text value of the element identified by ``locator``.</doc>
<msg timestamp="20220320 17:31:09.087" level="INFO">${t_mensagem} = Welcome to your account. Here you can manage all of your personal information and orders.</msg>
<status status="PASS" starttime="20220320 17:31:07.000" endtime="20220320 17:31:09.087"/>
</kw>
<kw name="Should Be Equal As Strings" library="BuiltIn">
<arg>${t_mensagem}</arg>
<arg>${mensagem_sucesso}</arg>
<doc>Fails if objects are unequal after converting them to strings.</doc>
<status status="PASS" starttime="20220320 17:31:09.088" endtime="20220320 17:31:10.883"/>
</kw>
<status status="PASS" starttime="20220320 17:30:16.699" endtime="20220320 17:31:10.883"/>
</kw>
<kw name="Fechar sessão" library="hooks" type="TEARDOWN">
<kw name="Capture Page Screenshot" library="SeleniumLibrary">
<doc>Takes a screenshot of the current page and embeds it into a log file.</doc>
<msg timestamp="20220320 17:31:17.287" level="INFO" html="true">&lt;/td&gt;&lt;/tr&gt;&lt;tr&gt;&lt;td colspan="3"&gt;&lt;a href="selenium-screenshot-65.png"&gt;&lt;img src="selenium-screenshot-65.png" width="800px"&gt;&lt;/a&gt;</msg>
<status status="PASS" starttime="20220320 17:31:12.933" endtime="20220320 17:31:17.287"/>
</kw>
<kw name="Close Browser" library="SeleniumLibrary">
<doc>Closes the current browser.</doc>
<status status="PASS" starttime="20220320 17:31:17.287" endtime="20220320 17:31:20.205"/>
</kw>
<status status="PASS" starttime="20220320 17:31:10.883" endtime="20220320 17:31:20.205"/>
</kw>
<status status="PASS" starttime="20220320 17:29:50.520" endtime="20220320 17:31:20.205"/>
</test>
<doc>Aqui estarão todos os cenários de automação WEB.</doc>
<status status="PASS" starttime="20220320 17:29:50.271" endtime="20220320 17:31:20.206"/>
</suite>
<statistics>
<total>
<stat pass="1" fail="0" skip="0">All Tests</stat>
</total>
<tag>
</tag>
<suite>
<stat pass="1" fail="0" skip="0" id="s1" name="Webautomation">Webautomation</stat>
</suite>
</statistics>
<errors>
</errors>
</robot>
