<?xml version="1.0" encoding="UTF-8"?>
<robot generator="Robot 4.1.3 (Python 3.10.2 on darwin)" generated="20220320 16:30:35.423" rpa="false" schemaversion="2">
<suite id="s1" name="Webautomation" source="/Users/thalesmedeiros/Documents/TreinamentodeAutomação/DesafioPrime/test/feature/webautomation.robot">
<test id="s1-t1" name="Cenario 04: Adicionar Cliente">
<kw name="Abrir sessão" library="hooks" type="SETUP">
<kw name="Open Browser" library="SeleniumLibrary">
<arg>url:blank</arg>
<arg>${CONFIG.BROWSER.NOME}</arg>
<doc>Opens a new browser instance to the optional ``url``.</doc>
<msg timestamp="20220320 16:30:35.674" level="INFO">Opening browser 'chrome' to base url 'url:blank'.</msg>
<status status="PASS" starttime="20220320 16:30:35.674" endtime="20220320 16:30:37.139"/>
</kw>
<kw name="Go To" library="SeleniumLibrary">
<arg>${CONFIG.BROWSER.URL}</arg>
<doc>Navigates the current browser window to the provided ``url``.</doc>
<msg timestamp="20220320 16:30:37.140" level="INFO">Opening url 'http://automationpractice.com/index.php'</msg>
<status status="PASS" starttime="20220320 16:30:37.139" endtime="20220320 16:30:40.265"/>
</kw>
<kw name="Maximize Browser Window" library="SeleniumLibrary">
<doc>Maximizes current browser window.</doc>
<status status="PASS" starttime="20220320 16:30:40.265" endtime="20220320 16:30:40.397"/>
</kw>
<kw name="Set Selenium Timeout" library="SeleniumLibrary">
<arg>${CONFIG.TIMEOUT}</arg>
<doc>Sets the timeout that is used by various keywords.</doc>
<status status="PASS" starttime="20220320 16:30:40.397" endtime="20220320 16:30:40.398"/>
</kw>
<status status="PASS" starttime="20220320 16:30:35.674" endtime="20220320 16:30:40.398"/>
</kw>
<kw name="Debug" library="DebugLibrary">
<doc>Open a interactive shell, run any RobotFramework keywords.</doc>
<status status="PASS" starttime="20220320 16:30:40.398" endtime="20220320 16:30:44.664"/>
</kw>
<kw name="Dado que o cliente esteja na tela home do site" library="kws_webautomation">
<kw name="Title Should Be" library="SeleniumLibrary">
<arg>${HOME.TITULO}</arg>
<doc>Verifies that the current page title equals ``title``.</doc>
<msg timestamp="20220320 16:30:47.057" level="INFO">Page title is 'My Store'.</msg>
<status status="PASS" starttime="20220320 16:30:45.994" endtime="20220320 16:30:47.057"/>
</kw>
<kw name="Wait Until Element Is Visible" library="SeleniumLibrary">
<arg>${HOME.MENU}</arg>
<doc>Waits until the element ``locator`` is visible.</doc>
<status status="PASS" starttime="20220320 16:30:47.057" endtime="20220320 16:30:48.619"/>
</kw>
<kw name="Click Element" library="SeleniumLibrary">
<arg>${HOME.TITULO_SINGIN}</arg>
<doc>Click the element identified by ``locator``.</doc>
<msg timestamp="20220320 16:30:50.720" level="INFO">Clicking element '//a[@title="Log in to your customer account"]'.</msg>
<status status="PASS" starttime="20220320 16:30:48.620" endtime="20220320 16:30:52.938"/>
</kw>
<status status="PASS" starttime="20220320 16:30:44.664" endtime="20220320 16:30:52.938"/>
</kw>
<kw name="Quando o cliente clicar no link de sing in, inserir um email válido e clicar no link" library="kws_webautomation">
<kw name="Wait Until Element Is Visible" library="SeleniumLibrary">
<arg>${CREATE_ACCOUNT.EMAIL}</arg>
<doc>Waits until the element ``locator`` is visible.</doc>
<status status="PASS" starttime="20220320 16:30:52.956" endtime="20220320 16:30:56.208"/>
</kw>
<kw name="Input Text" library="SeleniumLibrary">
<arg>${CREATE_ACCOUNT.EMAIL}</arg>
<arg>${EMAIL}</arg>
<doc>Types the given ``text`` into the text field identified by ``locator``.</doc>
<msg timestamp="20220320 16:31:02.625" level="INFO">Typing text 'jossefddfgh@gmail.com' into text field 'email_create'.</msg>
<status status="PASS" starttime="20220320 16:30:56.208" endtime="20220320 16:31:02.715"/>
</kw>
<kw name="Click Element" library="SeleniumLibrary">
<arg>${CREATE_ACCOUNT.SUBMIT_CREATE}</arg>
<doc>Click the element identified by ``locator``.</doc>
<msg timestamp="20220320 16:31:04.429" level="INFO">Clicking element 'SubmitCreate'.</msg>
<status status="PASS" starttime="20220320 16:31:02.715" endtime="20220320 16:31:04.477"/>
</kw>
<status status="PASS" starttime="20220320 16:30:52.938" endtime="20220320 16:31:04.477"/>
</kw>
<kw name="Então ele irá preencher os dados obrigatórios, submeter cadastro e será levado para página com a mensagem" library="kws_webautomation">
<arg>Welcome to your account. Here you can manage all of your personal information and orders.</arg>
<kw name="Wait Until Element Is Visible" library="SeleniumLibrary">
<arg>${ACCOUNT.TITLE}</arg>
<doc>Waits until the element ``locator`` is visible.</doc>
<status status="PASS" starttime="20220320 16:31:08.344" endtime="20220320 16:31:09.095"/>
</kw>
<kw name="Get Text" library="SeleniumLibrary">
<var>${texto}</var>
<arg>${ACCOUNT.TITLE}</arg>
<doc>Returns the text value of the element identified by ``locator``.</doc>
<msg timestamp="20220320 16:31:09.692" level="INFO">${texto} = CREATE AN ACCOUNT</msg>
<status status="PASS" starttime="20220320 16:31:09.095" endtime="20220320 16:31:09.692"/>
</kw>
<kw name="Should Be Equal As Strings" library="BuiltIn">
<arg>${texto}</arg>
<arg>CREATE AN ACCOUNT</arg>
<doc>Fails if objects are unequal after converting them to strings.</doc>
<status status="PASS" starttime="20220320 16:31:09.693" endtime="20220320 16:31:10.224"/>
</kw>
<kw name="Input Text" library="SeleniumLibrary">
<arg>${ACCOUNT.FIRST_NAME}</arg>
<arg>${FIRST_NAME}</arg>
<doc>Types the given ``text`` into the text field identified by ``locator``.</doc>
<msg timestamp="20220320 16:31:10.813" level="INFO">Typing text 'Jose' into text field 'customer_firstname'.</msg>
<status status="PASS" starttime="20220320 16:31:10.224" endtime="20220320 16:31:10.879"/>
</kw>
<kw name="Input Text" library="SeleniumLibrary">
<arg>${ACCOUNT.LAST_NAME}</arg>
<arg>${LAST_NAME}</arg>
<doc>Types the given ``text`` into the text field identified by ``locator``.</doc>
<msg timestamp="20220320 16:31:13.197" level="INFO">Typing text 'Machado' into text field 'customer_lastname'.</msg>
<status status="PASS" starttime="20220320 16:31:10.879" endtime="20220320 16:31:13.236"/>
</kw>
<kw name="Input Text" library="SeleniumLibrary">
<arg>${ACCOUNT.PASSWORD}</arg>
<arg>${PASSWORD}</arg>
<doc>Types the given ``text`` into the text field identified by ``locator``.</doc>
<msg timestamp="20220320 16:31:14.242" level="INFO">Typing text '123456' into text field 'passwd'.</msg>
<status status="PASS" starttime="20220320 16:31:13.236" endtime="20220320 16:31:14.308"/>
</kw>
<kw name="Input Text" library="SeleniumLibrary">
<arg>${ACCOUNT.ADRESS}</arg>
<arg>${ADRESS}</arg>
<doc>Types the given ``text`` into the text field identified by ``locator``.</doc>
<msg timestamp="20220320 16:31:15.115" level="INFO">Typing text 'Riverdale street' into text field 'address1'.</msg>
<status status="PASS" starttime="20220320 16:31:14.309" endtime="20220320 16:31:15.168"/>
</kw>
<kw name="Input Text" library="SeleniumLibrary">
<arg>${ACCOUNT.CITY}</arg>
<arg>${CITY}</arg>
<doc>Types the given ``text`` into the text field identified by ``locator``.</doc>
<msg timestamp="20220320 16:31:16.062" level="INFO">Typing text 'Arizona' into text field 'city'.</msg>
<status status="PASS" starttime="20220320 16:31:15.168" endtime="20220320 16:31:16.126"/>
</kw>
<kw name="Select From List By Label" library="SeleniumLibrary">
<arg>${ACCOUNT.STATE}</arg>
<arg>Texas</arg>
<doc>Selects options from selection list ``locator`` by ``labels``.</doc>
<msg timestamp="20220320 16:31:17.023" level="INFO">Selecting options from selection list 'id_state' by label Texas.</msg>
<status status="PASS" starttime="20220320 16:31:16.126" endtime="20220320 16:31:17.076"/>
</kw>
<kw name="Input Text" library="SeleniumLibrary">
<arg>${ACCOUNT.ZIP}</arg>
<arg>${ZIP}</arg>
<doc>Types the given ``text`` into the text field identified by ``locator``.</doc>
<msg timestamp="20220320 16:31:18.041" level="INFO">Typing text '00000' into text field 'postcode'.</msg>
<status status="PASS" starttime="20220320 16:31:17.076" endtime="20220320 16:31:18.108"/>
</kw>
<kw name="Input Text" library="SeleniumLibrary">
<arg>${ACCOUNT.M_PHONE}</arg>
<arg>${M_PHONE}</arg>
<doc>Types the given ``text`` into the text field identified by ``locator``.</doc>
<msg timestamp="20220320 16:31:19.175" level="INFO">Typing text '81923456745' into text field 'phone_mobile'.</msg>
<status status="PASS" starttime="20220320 16:31:18.108" endtime="20220320 16:31:19.255"/>
</kw>
<kw name="Click Element" library="SeleniumLibrary">
<arg>${ACCOUNT.SUBMIT}</arg>
<doc>Click the element identified by ``locator``.</doc>
<msg timestamp="20220320 16:31:20.762" level="INFO">Clicking element 'submitAccount'.</msg>
<status status="PASS" starttime="20220320 16:31:19.255" endtime="20220320 16:31:22.581"/>
</kw>
<kw name="Wait Until Element Is Visible" library="SeleniumLibrary">
<arg>${m_sucesso}</arg>
<doc>Waits until the element ``locator`` is visible.</doc>
<status status="PASS" starttime="20220320 16:31:22.582" endtime="20220320 16:31:25.471"/>
</kw>
<kw name="Get Text" library="SeleniumLibrary">
<var>${t_mensagem}</var>
<arg>${m_sucesso}</arg>
<doc>Returns the text value of the element identified by ``locator``.</doc>
<msg timestamp="20220320 16:31:32.634" level="INFO">${t_mensagem} = Welcome to your account. Here you can manage all of your personal information and orders.</msg>
<status status="PASS" starttime="20220320 16:31:25.471" endtime="20220320 16:31:32.634"/>
</kw>
<kw name="Should Be Equal As Strings" library="BuiltIn">
<arg>${t_mensagem}</arg>
<arg>${mensagem_sucesso}</arg>
<doc>Fails if objects are unequal after converting them to strings.</doc>
<status status="PASS" starttime="20220320 16:31:32.635" endtime="20220320 16:31:37.178"/>
</kw>
<status status="PASS" starttime="20220320 16:31:04.477" endtime="20220320 16:31:37.179"/>
</kw>
<kw name="Fechar sessão" library="hooks" type="TEARDOWN">
<kw name="Capture Page Screenshot" library="SeleniumLibrary">
<doc>Takes a screenshot of the current page and embeds it into a log file.</doc>
<msg timestamp="20220320 16:31:40.969" level="INFO" html="true">&lt;/td&gt;&lt;/tr&gt;&lt;tr&gt;&lt;td colspan="3"&gt;&lt;a href="selenium-screenshot-43.png"&gt;&lt;img src="selenium-screenshot-43.png" width="800px"&gt;&lt;/a&gt;</msg>
<status status="PASS" starttime="20220320 16:31:39.236" endtime="20220320 16:31:40.969"/>
</kw>
<kw name="Close Browser" library="SeleniumLibrary">
<doc>Closes the current browser.</doc>
<status status="PASS" starttime="20220320 16:31:40.969" endtime="20220320 16:31:45.196"/>
</kw>
<status status="PASS" starttime="20220320 16:31:37.179" endtime="20220320 16:31:45.196"/>
</kw>
<status status="PASS" starttime="20220320 16:30:35.673" endtime="20220320 16:31:45.196"/>
</test>
<doc>Aqui estarão todos os cenários de automação WEB.</doc>
<status status="PASS" starttime="20220320 16:30:35.424" endtime="20220320 16:31:45.197"/>
</suite>
<statistics>
<total>
<stat pass="1" fail="0" skip="0">All Tests</stat>
</total>
<tag>
</tag>
<suite>
<stat pass="1" fail="0" skip="0" id="s1" name="Webautomation">Webautomation</stat>
</suite>
</statistics>
<errors>
</errors>
</robot>
